# JRE version: OpenJDK Runtime Environment Temurin-21.0.6+7 (21.0.6+7) (build 21.0.6+7-LTS)
# Java VM: OpenJDK 64-Bit Server VM Temurin-21.0.6+7 (21.0.6+7-LTS, mixed mode, sharing, tiered, compressed oops, compressed class ptrs, parallel gc, windows-amd64)
GC Precious Log:
 CardTable entry size: 512
 CPUs: 8 total, 8 available
 Memory: 7502M
 Large Page Support: Disabled
 NUMA Support: Disabled
 Compressed Oops: Enabled (32-bit)
 Alignments: Space 512K, Generation 512K, Heap 2M
 Heap Min Capacity: 100M
 Heap Initial Capacity: 100M
 Heap Max Capacity: 1G
 Pre-touch: Disabled
 Parallel Workers: 8
Heap:
 PSYoungGen      total 10752K, used 4618K [0x00000000eab00000, 0x00000000ebd00000, 0x0000000100000000)
  eden space 9216K, 33% used [0x00000000eab00000,0x00000000eae029a8,0x00000000eb400000)
  from space 1536K, 100% used [0x00000000eb780000,0x00000000eb900000,0x00000000eb900000)
  to   space 3584K, 0% used [0x00000000eb400000,0x00000000eb400000,0x00000000eb780000)
 ParOldGen       total 428544K, used 194887K [0x00000000c0000000, 0x00000000da280000, 0x00000000eab00000)
  object space 428544K, 45% used [0x00000000c0000000,0x00000000cbe51d98,0x00000000da280000)
 Metaspace       used 60023K, committed 61312K, reserved 1114112K
  class space    used 6242K, committed 6784K, reserved 1048576K
GC Heap History (20 events):
Event: 26.964 GC heap before
{Heap before GC invocations=418 (full 2):
 PSYoungGen      total 6144K, used 6121K [0x00000000eab00000, 0x00000000eb500000, 0x0000000100000000)
  eden space 5120K, 100% used [0x00000000eab00000,0x00000000eb000000,0x00000000eb000000)
  from space 1024K, 97% used [0x00000000eb000000,0x00000000eb0fa620,0x00000000eb100000)
  to   space 2560K, 0% used [0x00000000eb280000,0x00000000eb280000,0x00000000eb500000)
 ParOldGen       total 427008K, used 426602K [0x00000000c0000000, 0x00000000da100000, 0x00000000eab00000)
  object space 427008K, 99% used [0x00000000c0000000,0x00000000da09a978,0x00000000da100000)
 Metaspace       used 58441K, committed 59712K, reserved 1114112K
  class space    used 6113K, committed 6656K, reserved 1048576K
}
Event: 26.967 GC heap after
{Heap after GC invocations=418 (full 2):
 PSYoungGen      total 7680K, used 1129K [0x00000000eab00000, 0x00000000eb400000, 0x0000000100000000)
  eden space 6144K, 0% used [0x00000000eab00000,0x00000000eab00000,0x00000000eb100000)
  from space 1536K, 73% used [0x00000000eb280000,0x00000000eb39a630,0x00000000eb400000)
  to   space 1536K, 0% used [0x00000000eb100000,0x00000000eb100000,0x00000000eb280000)
 ParOldGen       total 427520K, used 427050K [0x00000000c0000000, 0x00000000da180000, 0x00000000eab00000)
  object space 427520K, 99% used [0x00000000c0000000,0x00000000da10a978,0x00000000da180000)
 Metaspace       used 58441K, committed 59712K, reserved 1114112K
  class space    used 6113K, committed 6656K, reserved 1048576K
}
Event: 26.976 GC heap before
{Heap before GC invocations=419 (full 2):
 PSYoungGen      total 7680K, used 7273K [0x00000000eab00000, 0x00000000eb400000, 0x0000000100000000)
  eden space 6144K, 100% used [0x00000000eab00000,0x00000000eb100000,0x00000000eb100000)
  from space 1536K, 73% used [0x00000000eb280000,0x00000000eb39a630,0x00000000eb400000)
  to   space 1536K, 0% used [0x00000000eb100000,0x00000000eb100000,0x00000000eb280000)
 ParOldGen       total 427520K, used 427050K [0x00000000c0000000, 0x00000000da180000, 0x00000000eab00000)
  object space 427520K, 99% used [0x00000000c0000000,0x00000000da10a978,0x00000000da180000)
 Metaspace       used 58441K, committed 59712K, reserved 1114112K
  class space    used 6113K, committed 6656K, reserved 1048576K
}
Event: 26.979 GC heap after
{Heap after GC invocations=419 (full 2):
 PSYoungGen      total 7680K, used 969K [0x00000000eab00000, 0x00000000eb580000, 0x0000000100000000)
  eden space 6144K, 0% used [0x00000000eab00000,0x00000000eab00000,0x00000000eb100000)
  from space 1536K, 63% used [0x00000000eb100000,0x00000000eb1f2668,0x00000000eb280000)
  to   space 1536K, 0% used [0x00000000eb400000,0x00000000eb400000,0x00000000eb580000)
 ParOldGen       total 427520K, used 427258K [0x00000000c0000000, 0x00000000da180000, 0x00000000eab00000)
  object space 427520K, 99% used [0x00000000c0000000,0x00000000da13e978,0x00000000da180000)
 Metaspace       used 58441K, committed 59712K, reserved 1114112K
  class space    used 6113K, committed 6656K, reserved 1048576K
}
Event: 26.986 GC heap before
{Heap before GC invocations=420 (full 2):
 PSYoungGen      total 7680K, used 7113K [0x00000000eab00000, 0x00000000eb580000, 0x0000000100000000)
  eden space 6144K, 100% used [0x00000000eab00000,0x00000000eb100000,0x00000000eb100000)
  from space 1536K, 63% used [0x00000000eb100000,0x00000000eb1f2668,0x00000000eb280000)
  to   space 1536K, 0% used [0x00000000eb400000,0x00000000eb400000,0x00000000eb580000)
 ParOldGen       total 427520K, used 427258K [0x00000000c0000000, 0x00000000da180000, 0x00000000eab00000)
  object space 427520K, 99% used [0x00000000c0000000,0x00000000da13e978,0x00000000da180000)
 Metaspace       used 58442K, committed 59712K, reserved 1114112K
  class space    used 6113K, committed 6656K, reserved 1048576K
}
Event: 26.990 GC heap after
{Heap after GC invocations=420 (full 2):
 PSYoungGen      total 9216K, used 1161K [0x00000000eab00000, 0x00000000eb580000, 0x0000000100000000)
  eden space 7680K, 0% used [0x00000000eab00000,0x00000000eab00000,0x00000000eb280000)
  from space 1536K, 75% used [0x00000000eb400000,0x00000000eb522698,0x00000000eb580000)
  to   space 1536K, 0% used [0x00000000eb280000,0x00000000eb280000,0x00000000eb400000)
 ParOldGen       total 427520K, used 427506K [0x00000000c0000000, 0x00000000da180000, 0x00000000eab00000)
  object space 427520K, 99% used [0x00000000c0000000,0x00000000da17c978,0x00000000da180000)
 Metaspace       used 58442K, committed 59712K, reserved 1114112K
  class space    used 6113K, committed 6656K, reserved 1048576K
}
Event: 27.005 GC heap before
{Heap before GC invocations=421 (full 2):
 PSYoungGen      total 9216K, used 8807K [0x00000000eab00000, 0x00000000eb580000, 0x0000000100000000)
  eden space 7680K, 99% used [0x00000000eab00000,0x00000000eb277800,0x00000000eb280000)
  from space 1536K, 75% used [0x00000000eb400000,0x00000000eb522698,0x00000000eb580000)
  to   space 1536K, 0% used [0x00000000eb280000,0x00000000eb280000,0x00000000eb400000)
 ParOldGen       total 427520K, used 427506K [0x00000000c0000000, 0x00000000da180000, 0x00000000eab00000)
  object space 427520K, 99% used [0x00000000c0000000,0x00000000da17c978,0x00000000da180000)
 Metaspace       used 58444K, committed 59712K, reserved 1114112K
  class space    used 6113K, committed 6656K, reserved 1048576K
}
Event: 27.008 GC heap after
{Heap after GC invocations=421 (full 2):
 PSYoungGen      total 9216K, used 1427K [0x00000000eab00000, 0x00000000eb700000, 0x0000000100000000)
  eden space 7680K, 0% used [0x00000000eab00000,0x00000000eab00000,0x00000000eb280000)
  from space 1536K, 92% used [0x00000000eb280000,0x00000000eb3e4fa0,0x00000000eb400000)
  to   space 1536K, 0% used [0x00000000eb580000,0x00000000eb580000,0x00000000eb700000)
 ParOldGen       total 428032K, used 427746K [0x00000000c0000000, 0x00000000da200000, 0x00000000eab00000)
  object space 428032K, 99% used [0x00000000c0000000,0x00000000da1b8978,0x00000000da200000)
 Metaspace       used 58444K, committed 59712K, reserved 1114112K
  class space    used 6113K, committed 6656K, reserved 1048576K
}
Event: 27.009 GC heap before
{Heap before GC invocations=422 (full 2):
 PSYoungGen      total 9216K, used 1765K [0x00000000eab00000, 0x00000000eb700000, 0x0000000100000000)
  eden space 7680K, 4% used [0x00000000eab00000,0x00000000eab54820,0x00000000eb280000)
  from space 1536K, 92% used [0x00000000eb280000,0x00000000eb3e4fa0,0x00000000eb400000)
  to   space 1536K, 0% used [0x00000000eb580000,0x00000000eb580000,0x00000000eb700000)
 ParOldGen       total 428032K, used 427746K [0x00000000c0000000, 0x00000000da200000, 0x00000000eab00000)
  object space 428032K, 99% used [0x00000000c0000000,0x00000000da1b8978,0x00000000da200000)
 Metaspace       used 58453K, committed 59776K, reserved 1114112K
  class space    used 6113K, committed 6656K, reserved 1048576K
}
Event: 27.012 GC heap after
{Heap after GC invocations=422 (full 2):
 PSYoungGen      total 9728K, used 160K [0x00000000eab00000, 0x00000000eb600000, 0x0000000100000000)
  eden space 9216K, 0% used [0x00000000eab00000,0x00000000eab00000,0x00000000eb400000)
  from space 512K, 31% used [0x00000000eb580000,0x00000000eb5a8000,0x00000000eb600000)
  to   space 1024K, 0% used [0x00000000eb400000,0x00000000eb400000,0x00000000eb500000)
 ParOldGen       total 428544K, used 428090K [0x00000000c0000000, 0x00000000da280000, 0x00000000eab00000)
  object space 428544K, 99% used [0x00000000c0000000,0x00000000da20e978,0x00000000da280000)
 Metaspace       used 58453K, committed 59776K, reserved 1114112K
  class space    used 6113K, committed 6656K, reserved 1048576K
}
Event: 27.012 GC heap before
{Heap before GC invocations=423 (full 3):
 PSYoungGen      total 9728K, used 160K [0x00000000eab00000, 0x00000000eb600000, 0x0000000100000000)
  eden space 9216K, 0% used [0x00000000eab00000,0x00000000eab00000,0x00000000eb400000)
  from space 512K, 31% used [0x00000000eb580000,0x00000000eb5a8000,0x00000000eb600000)
  to   space 1024K, 0% used [0x00000000eb400000,0x00000000eb400000,0x00000000eb500000)
 ParOldGen       total 428544K, used 428090K [0x00000000c0000000, 0x00000000da280000, 0x00000000eab00000)
  object space 428544K, 99% used [0x00000000c0000000,0x00000000da20e978,0x00000000da280000)
 Metaspace       used 58453K, committed 59776K, reserved 1114112K
  class space    used 6113K, committed 6656K, reserved 1048576K
}
Event: 27.159 GC heap after
{Heap after GC invocations=423 (full 3):
 PSYoungGen      total 9728K, used 0K [0x00000000eab00000, 0x00000000eb600000, 0x0000000100000000)
  eden space 9216K, 0% used [0x00000000eab00000,0x00000000eab00000,0x00000000eb400000)
  from space 512K, 0% used [0x00000000eb580000,0x00000000eb580000,0x00000000eb600000)
  to   space 1024K, 0% used [0x00000000eb400000,0x00000000eb400000,0x00000000eb500000)
 ParOldGen       total 428544K, used 191926K [0x00000000c0000000, 0x00000000da280000, 0x00000000eab00000)
  object space 428544K, 44% used [0x00000000c0000000,0x00000000cbb6daa8,0x00000000da280000)
 Metaspace       used 58453K, committed 59776K, reserved 1114112K
  class space    used 6113K, committed 6656K, reserved 1048576K
}
Event: 27.209 GC heap before
{Heap before GC invocations=424 (full 3):
 PSYoungGen      total 9728K, used 9206K [0x00000000eab00000, 0x00000000eb600000, 0x0000000100000000)
  eden space 9216K, 99% used [0x00000000eab00000,0x00000000eb3fdbf0,0x00000000eb400000)
  from space 512K, 0% used [0x00000000eb580000,0x00000000eb580000,0x00000000eb600000)
  to   space 1024K, 0% used [0x00000000eb400000,0x00000000eb400000,0x00000000eb500000)
 ParOldGen       total 428544K, used 191926K [0x00000000c0000000, 0x00000000da280000, 0x00000000eab00000)
  object space 428544K, 44% used [0x00000000c0000000,0x00000000cbb6daa8,0x00000000da280000)
 Metaspace       used 58845K, committed 60160K, reserved 1114112K
  class space    used 6143K, committed 6720K, reserved 1048576K
}
Event: 27.211 GC heap after
{Heap after GC invocations=424 (full 3):
 PSYoungGen      total 10240K, used 960K [0x00000000eab00000, 0x00000000eb900000, 0x0000000100000000)
  eden space 9216K, 0% used [0x00000000eab00000,0x00000000eab00000,0x00000000eb400000)
  from space 1024K, 93% used [0x00000000eb400000,0x00000000eb4f0000,0x00000000eb500000)
  to   space 1536K, 0% used [0x00000000eb780000,0x00000000eb780000,0x00000000eb900000)
 ParOldGen       total 428544K, used 191926K [0x00000000c0000000, 0x00000000da280000, 0x00000000eab00000)
  object space 428544K, 44% used [0x00000000c0000000,0x00000000cbb6daa8,0x00000000da280000)
 Metaspace       used 58845K, committed 60160K, reserved 1114112K
  class space    used 6143K, committed 6720K, reserved 1048576K
}
Event: 27.266 GC heap before
{Heap before GC invocations=425 (full 3):
 PSYoungGen      total 10240K, used 10176K [0x00000000eab00000, 0x00000000eb900000, 0x0000000100000000)
  eden space 9216K, 100% used [0x00000000eab00000,0x00000000eb400000,0x00000000eb400000)
  from space 1024K, 93% used [0x00000000eb400000,0x00000000eb4f0000,0x00000000eb500000)
  to   space 1536K, 0% used [0x00000000eb780000,0x00000000eb780000,0x00000000eb900000)
 ParOldGen       total 428544K, used 191926K [0x00000000c0000000, 0x00000000da280000, 0x00000000eab00000)
  object space 428544K, 44% used [0x00000000c0000000,0x00000000cbb6daa8,0x00000000da280000)
 Metaspace       used 59276K, committed 60544K, reserved 1114112K
  class space    used 6187K, committed 6720K, reserved 1048576K
}
Event: 27.269 GC heap after
{Heap after GC invocations=425 (full 3):
 PSYoungGen      total 12800K, used 1055K [0x00000000eab00000, 0x00000000eb900000, 0x0000000100000000)
  eden space 11264K, 0% used [0x00000000eab00000,0x00000000eab00000,0x00000000eb600000)
  from space 1536K, 68% used [0x00000000eb780000,0x00000000eb887ec0,0x00000000eb900000)
  to   space 1536K, 0% used [0x00000000eb600000,0x00000000eb600000,0x00000000eb780000)
 ParOldGen       total 428544K, used 192742K [0x00000000c0000000, 0x00000000da280000, 0x00000000eab00000)
  object space 428544K, 44% used [0x00000000c0000000,0x00000000cbc39aa8,0x00000000da280000)
 Metaspace       used 59276K, committed 60544K, reserved 1114112K
  class space    used 6187K, committed 6720K, reserved 1048576K
}
Event: 27.427 GC heap before
{Heap before GC invocations=426 (full 3):
 PSYoungGen      total 12800K, used 12319K [0x00000000eab00000, 0x00000000eb900000, 0x0000000100000000)
  eden space 11264K, 100% used [0x00000000eab00000,0x00000000eb600000,0x00000000eb600000)
  from space 1536K, 68% used [0x00000000eb780000,0x00000000eb887ec0,0x00000000eb900000)
  to   space 1536K, 0% used [0x00000000eb600000,0x00000000eb600000,0x00000000eb780000)
 ParOldGen       total 428544K, used 192742K [0x00000000c0000000, 0x00000000da280000, 0x00000000eab00000)
  object space 428544K, 44% used [0x00000000c0000000,0x00000000cbc39aa8,0x00000000da280000)
 Metaspace       used 59697K, committed 60992K, reserved 1114112K
  class space    used 6217K, committed 6784K, reserved 1048576K
}
Event: 27.430 GC heap after
{Heap after GC invocations=426 (full 3):
 PSYoungGen      total 12800K, used 1408K [0x00000000eab00000, 0x00000000eb900000, 0x0000000100000000)
  eden space 11264K, 0% used [0x00000000eab00000,0x00000000eab00000,0x00000000eb600000)
  from space 1536K, 91% used [0x00000000eb600000,0x00000000eb760000,0x00000000eb780000)
  to   space 1536K, 0% used [0x00000000eb780000,0x00000000eb780000,0x00000000eb900000)
 ParOldGen       total 428544K, used 193598K [0x00000000c0000000, 0x00000000da280000, 0x00000000eab00000)
  object space 428544K, 45% used [0x00000000c0000000,0x00000000cbd0faa8,0x00000000da280000)
 Metaspace       used 59697K, committed 60992K, reserved 1114112K
  class space    used 6217K, committed 6784K, reserved 1048576K
}
Event: 27.509 GC heap before
{Heap before GC invocations=427 (full 3):
 PSYoungGen      total 12800K, used 12672K [0x00000000eab00000, 0x00000000eb900000, 0x0000000100000000)
  eden space 11264K, 100% used [0x00000000eab00000,0x00000000eb600000,0x00000000eb600000)
  from space 1536K, 91% used [0x00000000eb600000,0x00000000eb760000,0x00000000eb780000)
  to   space 1536K, 0% used [0x00000000eb780000,0x00000000eb780000,0x00000000eb900000)
 ParOldGen       total 428544K, used 193598K [0x00000000c0000000, 0x00000000da280000, 0x00000000eab00000)
  object space 428544K, 45% used [0x00000000c0000000,0x00000000cbd0faa8,0x00000000da280000)
 Metaspace       used 59973K, committed 61248K, reserved 1114112K
  class space    used 6238K, committed 6784K, reserved 1048576K
}
Event: 28.577 GC heap after
{Heap after GC invocations=427 (full 3):
 PSYoungGen      total 10752K, used 1536K [0x00000000eab00000, 0x00000000ebd00000, 0x0000000100000000)
  eden space 9216K, 0% used [0x00000000eab00000,0x00000000eab00000,0x00000000eb400000)
  from space 1536K, 100% used [0x00000000eb780000,0x00000000eb900000,0x00000000eb900000)
  to   space 3584K, 0% used [0x00000000eb400000,0x00000000eb400000,0x00000000eb780000)
 ParOldGen       total 428544K, used 194887K [0x00000000c0000000, 0x00000000da280000, 0x00000000eab00000)
  object space 428544K, 45% used [0x00000000c0000000,0x00000000cbe51d98,0x00000000da280000)
 Metaspace       used 59973K, committed 61248K, reserved 1114112K
  class space    used 6238K, committed 6784K, reserved 1048576K
}

