# JRE version: OpenJDK Runtime Environment Temurin-21.0.6+7 (21.0.6+7) (build 21.0.6+7-LTS)
# Java VM: OpenJDK 64-Bit Server VM Temurin-21.0.6+7 (21.0.6+7-LTS, mixed mode, sharing, tiered, compressed oops, compressed class ptrs, parallel gc, windows-amd64)
GC Precious Log:
 CardTable entry size: 512
 CPUs: 8 total, 8 available
 Memory: 7502M
 Large Page Support: Disabled
 NUMA Support: Disabled
 Compressed Oops: Enabled (32-bit)
 Alignments: Space 512K, Generation 512K, Heap 2M
 Heap Min Capacity: 100M
 Heap Initial Capacity: 100M
 Heap Max Capacity: 1G
 Pre-touch: Disabled
 Parallel Workers: 8
Heap:
 PSYoungGen      total 10240K, used 4434K [0x00000000eab00000, 0x00000000eb980000, 0x0000000100000000)
  eden space 4608K, 7% used [0x00000000eab00000,0x00000000eab549f8,0x00000000eaf80000)
  from space 5632K, 72% used [0x00000000eaf80000,0x00000000eb380020,0x00000000eb500000)
  to   space 4608K, 0% used [0x00000000eb500000,0x00000000eb500000,0x00000000eb980000)
 ParOldGen       total 205824K, used 205571K [0x00000000c0000000, 0x00000000cc900000, 0x00000000eab00000)
  object space 205824K, 99% used [0x00000000c0000000,0x00000000cc8c0eb0,0x00000000cc900000)
 Metaspace       used 76243K, committed 78144K, reserved 1179648K
  class space    used 8182K, committed 9024K, reserved 1048576K
GC Heap History (20 events):
Event: 67796.600 GC heap after
{Heap after GC invocations=3822 (full 7):
 PSYoungGen      total 4608K, used 2048K [0x00000000eab00000, 0x00000000eb480000, 0x0000000100000000)
  eden space 2560K, 0% used [0x00000000eab00000,0x00000000eab00000,0x00000000ead80000)
  from space 2048K, 100% used [0x00000000eb180000,0x00000000eb380000,0x00000000eb380000)
  to   space 3584K, 0% used [0x00000000ead80000,0x00000000ead80000,0x00000000eb100000)
 ParOldGen       total 178688K, used 178470K [0x00000000c0000000, 0x00000000cae80000, 0x00000000eab00000)
  object space 178688K, 99% used [0x00000000c0000000,0x00000000cae499f0,0x00000000cae80000)
 Metaspace       used 76205K, committed 78144K, reserved 1179648K
  class space    used 8182K, committed 9024K, reserved 1048576K
}
Event: 67796.610 GC heap before
{Heap before GC invocations=3823 (full 7):
 PSYoungGen      total 4608K, used 4608K [0x00000000eab00000, 0x00000000eb480000, 0x0000000100000000)
  eden space 2560K, 100% used [0x00000000eab00000,0x00000000ead80000,0x00000000ead80000)
  from space 2048K, 100% used [0x00000000eb180000,0x00000000eb380000,0x00000000eb380000)
  to   space 3584K, 0% used [0x00000000ead80000,0x00000000ead80000,0x00000000eb100000)
 ParOldGen       total 178688K, used 178470K [0x00000000c0000000, 0x00000000cae80000, 0x00000000eab00000)
  object space 178688K, 99% used [0x00000000c0000000,0x00000000cae499f0,0x00000000cae80000)
 Metaspace       used 76205K, committed 78144K, reserved 1179648K
  class space    used 8182K, committed 9024K, reserved 1048576K
}
Event: 67796.614 GC heap after
{Heap after GC invocations=3823 (full 7):
 PSYoungGen      total 5632K, used 2624K [0x00000000eab00000, 0x00000000eb380000, 0x0000000100000000)
  eden space 2560K, 0% used [0x00000000eab00000,0x00000000eab00000,0x00000000ead80000)
  from space 3072K, 85% used [0x00000000ead80000,0x00000000eb010000,0x00000000eb080000)
  to   space 3072K, 0% used [0x00000000eb080000,0x00000000eb080000,0x00000000eb380000)
 ParOldGen       total 180736K, used 180550K [0x00000000c0000000, 0x00000000cb080000, 0x00000000eab00000)
  object space 180736K, 99% used [0x00000000c0000000,0x00000000cb0519f0,0x00000000cb080000)
 Metaspace       used 76205K, committed 78144K, reserved 1179648K
  class space    used 8182K, committed 9024K, reserved 1048576K
}
Event: 67796.623 GC heap before
{Heap before GC invocations=3824 (full 7):
 PSYoungGen      total 5632K, used 5184K [0x00000000eab00000, 0x00000000eb380000, 0x0000000100000000)
  eden space 2560K, 100% used [0x00000000eab00000,0x00000000ead80000,0x00000000ead80000)
  from space 3072K, 85% used [0x00000000ead80000,0x00000000eb010000,0x00000000eb080000)
  to   space 3072K, 0% used [0x00000000eb080000,0x00000000eb080000,0x00000000eb380000)
 ParOldGen       total 180736K, used 180550K [0x00000000c0000000, 0x00000000cb080000, 0x00000000eab00000)
  object space 180736K, 99% used [0x00000000c0000000,0x00000000cb0519f0,0x00000000cb080000)
 Metaspace       used 76205K, committed 78144K, reserved 1179648K
  class space    used 8182K, committed 9024K, reserved 1048576K
}
Event: 67796.627 GC heap after
{Heap after GC invocations=3824 (full 7):
 PSYoungGen      total 5632K, used 2656K [0x00000000eab00000, 0x00000000eb380000, 0x0000000100000000)
  eden space 2560K, 0% used [0x00000000eab00000,0x00000000eab00000,0x00000000ead80000)
  from space 3072K, 86% used [0x00000000eb080000,0x00000000eb318000,0x00000000eb380000)
  to   space 3072K, 0% used [0x00000000ead80000,0x00000000ead80000,0x00000000eb080000)
 ParOldGen       total 183296K, used 183134K [0x00000000c0000000, 0x00000000cb300000, 0x00000000eab00000)
  object space 183296K, 99% used [0x00000000c0000000,0x00000000cb2d79f0,0x00000000cb300000)
 Metaspace       used 76205K, committed 78144K, reserved 1179648K
  class space    used 8182K, committed 9024K, reserved 1048576K
}
Event: 67796.636 GC heap before
{Heap before GC invocations=3825 (full 7):
 PSYoungGen      total 5632K, used 5216K [0x00000000eab00000, 0x00000000eb380000, 0x0000000100000000)
  eden space 2560K, 100% used [0x00000000eab00000,0x00000000ead80000,0x00000000ead80000)
  from space 3072K, 86% used [0x00000000eb080000,0x00000000eb318000,0x00000000eb380000)
  to   space 3072K, 0% used [0x00000000ead80000,0x00000000ead80000,0x00000000eb080000)
 ParOldGen       total 183296K, used 183134K [0x00000000c0000000, 0x00000000cb300000, 0x00000000eab00000)
  object space 183296K, 99% used [0x00000000c0000000,0x00000000cb2d79f0,0x00000000cb300000)
 Metaspace       used 76205K, committed 78144K, reserved 1179648K
  class space    used 8182K, committed 9024K, reserved 1048576K
}
Event: 67796.641 GC heap after
{Heap after GC invocations=3825 (full 7):
 PSYoungGen      total 5632K, used 2656K [0x00000000eab00000, 0x00000000eb400000, 0x0000000100000000)
  eden space 2560K, 0% used [0x00000000eab00000,0x00000000eab00000,0x00000000ead80000)
  from space 3072K, 86% used [0x00000000ead80000,0x00000000eb018000,0x00000000eb080000)
  to   space 3072K, 0% used [0x00000000eb100000,0x00000000eb100000,0x00000000eb400000)
 ParOldGen       total 185856K, used 185734K [0x00000000c0000000, 0x00000000cb580000, 0x00000000eab00000)
  object space 185856K, 99% used [0x00000000c0000000,0x00000000cb5619f0,0x00000000cb580000)
 Metaspace       used 76205K, committed 78144K, reserved 1179648K
  class space    used 8182K, committed 9024K, reserved 1048576K
}
Event: 67796.651 GC heap before
{Heap before GC invocations=3826 (full 7):
 PSYoungGen      total 5632K, used 5216K [0x00000000eab00000, 0x00000000eb400000, 0x0000000100000000)
  eden space 2560K, 100% used [0x00000000eab00000,0x00000000ead80000,0x00000000ead80000)
  from space 3072K, 86% used [0x00000000ead80000,0x00000000eb018000,0x00000000eb080000)
  to   space 3072K, 0% used [0x00000000eb100000,0x00000000eb100000,0x00000000eb400000)
 ParOldGen       total 185856K, used 185734K [0x00000000c0000000, 0x00000000cb580000, 0x00000000eab00000)
  object space 185856K, 99% used [0x00000000c0000000,0x00000000cb5619f0,0x00000000cb580000)
 Metaspace       used 76205K, committed 78144K, reserved 1179648K
  class space    used 8182K, committed 9024K, reserved 1048576K
}
Event: 67796.656 GC heap after
{Heap after GC invocations=3826 (full 7):
 PSYoungGen      total 6144K, used 2688K [0x00000000eab00000, 0x00000000eb400000, 0x0000000100000000)
  eden space 3072K, 0% used [0x00000000eab00000,0x00000000eab00000,0x00000000eae00000)
  from space 3072K, 87% used [0x00000000eb100000,0x00000000eb3a0000,0x00000000eb400000)
  to   space 3072K, 0% used [0x00000000eae00000,0x00000000eae00000,0x00000000eb100000)
 ParOldGen       total 188416K, used 188318K [0x00000000c0000000, 0x00000000cb800000, 0x00000000eab00000)
  object space 188416K, 99% used [0x00000000c0000000,0x00000000cb7e79f0,0x00000000cb800000)
 Metaspace       used 76205K, committed 78144K, reserved 1179648K
  class space    used 8182K, committed 9024K, reserved 1048576K
}
Event: 67796.671 GC heap before
{Heap before GC invocations=3827 (full 7):
 PSYoungGen      total 6144K, used 5760K [0x00000000eab00000, 0x00000000eb400000, 0x0000000100000000)
  eden space 3072K, 100% used [0x00000000eab00000,0x00000000eae00000,0x00000000eae00000)
  from space 3072K, 87% used [0x00000000eb100000,0x00000000eb3a0000,0x00000000eb400000)
  to   space 3072K, 0% used [0x00000000eae00000,0x00000000eae00000,0x00000000eb100000)
 ParOldGen       total 188416K, used 188318K [0x00000000c0000000, 0x00000000cb800000, 0x00000000eab00000)
  object space 188416K, 99% used [0x00000000c0000000,0x00000000cb7e79f0,0x00000000cb800000)
 Metaspace       used 76205K, committed 78144K, reserved 1179648K
  class space    used 8182K, committed 9024K, reserved 1048576K
}
Event: 67796.678 GC heap after
{Heap after GC invocations=3827 (full 7):
 PSYoungGen      total 6144K, used 3072K [0x00000000eab00000, 0x00000000ebc00000, 0x0000000100000000)
  eden space 3072K, 0% used [0x00000000eab00000,0x00000000eab00000,0x00000000eae00000)
  from space 3072K, 100% used [0x00000000eae00000,0x00000000eb100000,0x00000000eb100000)
  to   space 6656K, 0% used [0x00000000eb580000,0x00000000eb580000,0x00000000ebc00000)
 ParOldGen       total 190976K, used 190974K [0x00000000c0000000, 0x00000000cba80000, 0x00000000eab00000)
  object space 190976K, 99% used [0x00000000c0000000,0x00000000cba7f9f0,0x00000000cba80000)
 Metaspace       used 76205K, committed 78144K, reserved 1179648K
  class space    used 8182K, committed 9024K, reserved 1048576K
}
Event: 67796.691 GC heap before
{Heap before GC invocations=3828 (full 7):
 PSYoungGen      total 6144K, used 6144K [0x00000000eab00000, 0x00000000ebc00000, 0x0000000100000000)
  eden space 3072K, 100% used [0x00000000eab00000,0x00000000eae00000,0x00000000eae00000)
  from space 3072K, 100% used [0x00000000eae00000,0x00000000eb100000,0x00000000eb100000)
  to   space 6656K, 0% used [0x00000000eb580000,0x00000000eb580000,0x00000000ebc00000)
 ParOldGen       total 190976K, used 190974K [0x00000000c0000000, 0x00000000cba80000, 0x00000000eab00000)
  object space 190976K, 99% used [0x00000000c0000000,0x00000000cba7f9f0,0x00000000cba80000)
 Metaspace       used 76205K, committed 78144K, reserved 1179648K
  class space    used 8182K, committed 9024K, reserved 1048576K
}
Event: 67796.698 GC heap after
{Heap after GC invocations=3828 (full 7):
 PSYoungGen      total 7680K, used 3168K [0x00000000eab00000, 0x00000000eb900000, 0x0000000100000000)
  eden space 4096K, 0% used [0x00000000eab00000,0x00000000eab00000,0x00000000eaf00000)
  from space 3584K, 88% used [0x00000000eb580000,0x00000000eb898000,0x00000000eb900000)
  to   space 4096K, 0% used [0x00000000eb100000,0x00000000eb100000,0x00000000eb500000)
 ParOldGen       total 194048K, used 194022K [0x00000000c0000000, 0x00000000cbd80000, 0x00000000eab00000)
  object space 194048K, 99% used [0x00000000c0000000,0x00000000cbd799f0,0x00000000cbd80000)
 Metaspace       used 76205K, committed 78144K, reserved 1179648K
  class space    used 8182K, committed 9024K, reserved 1048576K
}
Event: 67796.724 GC heap before
{Heap before GC invocations=3829 (full 7):
 PSYoungGen      total 7680K, used 7264K [0x00000000eab00000, 0x00000000eb900000, 0x0000000100000000)
  eden space 4096K, 100% used [0x00000000eab00000,0x00000000eaf00000,0x00000000eaf00000)
  from space 3584K, 88% used [0x00000000eb580000,0x00000000eb898000,0x00000000eb900000)
  to   space 4096K, 0% used [0x00000000eb100000,0x00000000eb100000,0x00000000eb500000)
 ParOldGen       total 194048K, used 194022K [0x00000000c0000000, 0x00000000cbd80000, 0x00000000eab00000)
  object space 194048K, 99% used [0x00000000c0000000,0x00000000cbd799f0,0x00000000cbd80000)
 Metaspace       used 76205K, committed 78144K, reserved 1179648K
  class space    used 8182K, committed 9024K, reserved 1048576K
}
Event: 67796.732 GC heap after
{Heap after GC invocations=3829 (full 7):
 PSYoungGen      total 9216K, used 3904K [0x00000000eab00000, 0x00000000eb800000, 0x0000000100000000)
  eden space 5120K, 0% used [0x00000000eab00000,0x00000000eab00000,0x00000000eb000000)
  from space 4096K, 95% used [0x00000000eb100000,0x00000000eb4d0000,0x00000000eb500000)
  to   space 3072K, 0% used [0x00000000eb500000,0x00000000eb500000,0x00000000eb800000)
 ParOldGen       total 197120K, used 197110K [0x00000000c0000000, 0x00000000cc080000, 0x00000000eab00000)
  object space 197120K, 99% used [0x00000000c0000000,0x00000000cc07d9f0,0x00000000cc080000)
 Metaspace       used 76205K, committed 78144K, reserved 1179648K
  class space    used 8182K, committed 9024K, reserved 1048576K
}
Event: 67817.383 GC heap before
{Heap before GC invocations=3830 (full 7):
 PSYoungGen      total 9216K, used 9024K [0x00000000eab00000, 0x00000000eb800000, 0x0000000100000000)
  eden space 5120K, 100% used [0x00000000eab00000,0x00000000eb000000,0x00000000eb000000)
  from space 4096K, 95% used [0x00000000eb100000,0x00000000eb4d0000,0x00000000eb500000)
  to   space 3072K, 0% used [0x00000000eb500000,0x00000000eb500000,0x00000000eb800000)
 ParOldGen       total 197120K, used 197110K [0x00000000c0000000, 0x00000000cc080000, 0x00000000eab00000)
  object space 197120K, 99% used [0x00000000c0000000,0x00000000cc07d9f0,0x00000000cc080000)
 Metaspace       used 76207K, committed 78144K, reserved 1179648K
  class space    used 8182K, committed 9024K, reserved 1048576K
}
Event: 67817.393 GC heap after
{Heap after GC invocations=3830 (full 7):
 PSYoungGen      total 6656K, used 320K [0x00000000eab00000, 0x00000000eb580000, 0x0000000100000000)
  eden space 6144K, 0% used [0x00000000eab00000,0x00000000eab00000,0x00000000eb100000)
  from space 512K, 62% used [0x00000000eb500000,0x00000000eb550000,0x00000000eb580000)
  to   space 2048K, 0% used [0x00000000eb180000,0x00000000eb180000,0x00000000eb380000)
 ParOldGen       total 201216K, used 200902K [0x00000000c0000000, 0x00000000cc480000, 0x00000000eab00000)
  object space 201216K, 99% used [0x00000000c0000000,0x00000000cc4319f0,0x00000000cc480000)
 Metaspace       used 76207K, committed 78144K, reserved 1179648K
  class space    used 8182K, committed 9024K, reserved 1048576K
}
Event: 67828.464 GC heap before
{Heap before GC invocations=3831 (full 7):
 PSYoungGen      total 6656K, used 6464K [0x00000000eab00000, 0x00000000eb580000, 0x0000000100000000)
  eden space 6144K, 100% used [0x00000000eab00000,0x00000000eb100000,0x00000000eb100000)
  from space 512K, 62% used [0x00000000eb500000,0x00000000eb550000,0x00000000eb580000)
  to   space 2048K, 0% used [0x00000000eb180000,0x00000000eb180000,0x00000000eb380000)
 ParOldGen       total 201216K, used 200902K [0x00000000c0000000, 0x00000000cc480000, 0x00000000eab00000)
  object space 201216K, 99% used [0x00000000c0000000,0x00000000cc4319f0,0x00000000cc480000)
 Metaspace       used 76232K, committed 78144K, reserved 1179648K
  class space    used 8182K, committed 9024K, reserved 1048576K
}
Event: 67828.507 GC heap after
{Heap after GC invocations=3831 (full 7):
 PSYoungGen      total 8192K, used 256K [0x00000000eab00000, 0x00000000eb580000, 0x0000000100000000)
  eden space 6144K, 0% used [0x00000000eab00000,0x00000000eab00000,0x00000000eb100000)
  from space 2048K, 12% used [0x00000000eb180000,0x00000000eb1c0000,0x00000000eb380000)
  to   space 512K, 0% used [0x00000000eb500000,0x00000000eb500000,0x00000000eb580000)
 ParOldGen       total 201216K, used 201158K [0x00000000c0000000, 0x00000000cc480000, 0x00000000eab00000)
  object space 201216K, 99% used [0x00000000c0000000,0x00000000cc4719f0,0x00000000cc480000)
 Metaspace       used 76232K, committed 78144K, reserved 1179648K
  class space    used 8182K, committed 9024K, reserved 1048576K
}
Event: 67828.633 GC heap before
{Heap before GC invocations=3832 (full 7):
 PSYoungGen      total 8192K, used 6400K [0x00000000eab00000, 0x00000000eb580000, 0x0000000100000000)
  eden space 6144K, 100% used [0x00000000eab00000,0x00000000eb100000,0x00000000eb100000)
  from space 2048K, 12% used [0x00000000eb180000,0x00000000eb1c0000,0x00000000eb380000)
  to   space 512K, 0% used [0x00000000eb500000,0x00000000eb500000,0x00000000eb580000)
 ParOldGen       total 201216K, used 201158K [0x00000000c0000000, 0x00000000cc480000, 0x00000000eab00000)
  object space 201216K, 99% used [0x00000000c0000000,0x00000000cc4719f0,0x00000000cc480000)
 Metaspace       used 76234K, committed 78144K, reserved 1179648K
  class space    used 8182K, committed 9024K, reserved 1048576K
}

