GC Precious Log:
 CPUs: 8 total, 8 available
 Memory: 7502M
 Large Page Support: Disabled
 NUMA Support: Disabled
 Compressed Oops: Enabled (32-bit)
 Heap Region Size: 1M
 Heap Min Capacity: 8M
 Heap Initial Capacity: 118M
 Heap Max Capacity: 1876M
 Pre-touch: Disabled
 Parallel Workers: 8
 Concurrent Workers: 2
 Concurrent Refinement Workers: 8
 Periodic GC: Disabled
Heap:
 garbage-first heap   total 97280K, used 66004K [0x000000008ac00000, 0x0000000100000000)
  region size 1024K, 12 young (12288K), 2 survivors (2048K)
 Metaspace       used 52212K, committed 52480K, reserved 1114112K
  class space    used 6019K, committed 6144K, reserved 1048576K
GC Heap History (20 events):
Event: 41.015 GC heap before
{Heap before GC invocations=14 (full 0):
 garbage-first heap   total 58368K, used 45269K [0x000000008ac00000, 0x0000000100000000)
  region size 1024K, 14 young (14336K), 2 survivors (2048K)
 Metaspace       used 42304K, committed 42560K, reserved 1114112K
  class space    used 5126K, committed 5248K, reserved 1048576K
}
Event: 41.026 GC heap after
{Heap after GC invocations=15 (full 0):
 garbage-first heap   total 58368K, used 35818K [0x000000008ac00000, 0x0000000100000000)
  region size 1024K, 2 young (2048K), 2 survivors (2048K)
 Metaspace       used 42304K, committed 42560K, reserved 1114112K
  class space    used 5126K, committed 5248K, reserved 1048576K
}
Event: 46.271 GC heap before
{Heap before GC invocations=15 (full 0):
 garbage-first heap   total 58368K, used 46058K [0x000000008ac00000, 0x0000000100000000)
  region size 1024K, 12 young (12288K), 2 survivors (2048K)
 Metaspace       used 43429K, committed 43648K, reserved 1114112K
  class space    used 5244K, committed 5376K, reserved 1048576K
}
Event: 46.286 GC heap after
{Heap after GC invocations=16 (full 0):
 garbage-first heap   total 58368K, used 38128K [0x000000008ac00000, 0x0000000100000000)
  region size 1024K, 2 young (2048K), 2 survivors (2048K)
 Metaspace       used 43429K, committed 43648K, reserved 1114112K
  class space    used 5244K, committed 5376K, reserved 1048576K
}
Event: 47.404 GC heap before
{Heap before GC invocations=17 (full 0):
 garbage-first heap   total 66560K, used 45296K [0x000000008ac00000, 0x0000000100000000)
  region size 1024K, 9 young (9216K), 2 survivors (2048K)
 Metaspace       used 44043K, committed 44352K, reserved 1114112K
  class space    used 5280K, committed 5440K, reserved 1048576K
}
Event: 47.418 GC heap after
{Heap after GC invocations=18 (full 0):
 garbage-first heap   total 79872K, used 39936K [0x000000008ac00000, 0x0000000100000000)
  region size 1024K, 2 young (2048K), 2 survivors (2048K)
 Metaspace       used 44043K, committed 44352K, reserved 1114112K
  class space    used 5280K, committed 5440K, reserved 1048576K
}
Event: 49.368 GC heap before
{Heap before GC invocations=18 (full 0):
 garbage-first heap   total 79872K, used 58368K [0x000000008ac00000, 0x0000000100000000)
  region size 1024K, 20 young (20480K), 2 survivors (2048K)
 Metaspace       used 44884K, committed 45120K, reserved 1114112K
  class space    used 5314K, committed 5440K, reserved 1048576K
}
Event: 49.384 GC heap after
{Heap after GC invocations=19 (full 0):
 garbage-first heap   total 79872K, used 43184K [0x000000008ac00000, 0x0000000100000000)
  region size 1024K, 3 young (3072K), 3 survivors (3072K)
 Metaspace       used 44884K, committed 45120K, reserved 1114112K
  class space    used 5314K, committed 5440K, reserved 1048576K
}
Event: 50.201 GC heap before
{Heap before GC invocations=20 (full 0):
 garbage-first heap   total 79872K, used 59568K [0x000000008ac00000, 0x0000000100000000)
  region size 1024K, 19 young (19456K), 3 survivors (3072K)
 Metaspace       used 45015K, committed 45248K, reserved 1114112K
  class space    used 5316K, committed 5440K, reserved 1048576K
}
Event: 50.218 GC heap after
{Heap after GC invocations=21 (full 0):
 garbage-first heap   total 79872K, used 46486K [0x000000008ac00000, 0x0000000100000000)
  region size 1024K, 3 young (3072K), 3 survivors (3072K)
 Metaspace       used 45015K, committed 45248K, reserved 1114112K
  class space    used 5316K, committed 5440K, reserved 1048576K
}
Event: 51.043 GC heap before
{Heap before GC invocations=21 (full 0):
 garbage-first heap   total 79872K, used 61846K [0x000000008ac00000, 0x0000000100000000)
  region size 1024K, 18 young (18432K), 3 survivors (3072K)
 Metaspace       used 45173K, committed 45440K, reserved 1114112K
  class space    used 5321K, committed 5440K, reserved 1048576K
}
Event: 51.059 GC heap after
{Heap after GC invocations=22 (full 0):
 garbage-first heap   total 79872K, used 49711K [0x000000008ac00000, 0x0000000100000000)
  region size 1024K, 3 young (3072K), 3 survivors (3072K)
 Metaspace       used 45173K, committed 45440K, reserved 1114112K
  class space    used 5321K, committed 5440K, reserved 1048576K
}
Event: 51.544 GC heap before
{Heap before GC invocations=23 (full 0):
 garbage-first heap   total 87040K, used 63023K [0x000000008ac00000, 0x0000000100000000)
  region size 1024K, 16 young (16384K), 3 survivors (3072K)
 Metaspace       used 45351K, committed 45632K, reserved 1114112K
  class space    used 5338K, committed 5504K, reserved 1048576K
}
Event: 51.556 GC heap after
{Heap after GC invocations=24 (full 0):
 garbage-first heap   total 87040K, used 51330K [0x000000008ac00000, 0x0000000100000000)
  region size 1024K, 2 young (2048K), 2 survivors (2048K)
 Metaspace       used 45351K, committed 45632K, reserved 1114112K
  class space    used 5338K, committed 5504K, reserved 1048576K
}
Event: 52.507 GC heap before
{Heap before GC invocations=24 (full 0):
 garbage-first heap   total 87040K, used 67714K [0x000000008ac00000, 0x0000000100000000)
  region size 1024K, 18 young (18432K), 2 survivors (2048K)
 Metaspace       used 47303K, committed 47616K, reserved 1114112K
  class space    used 5628K, committed 5760K, reserved 1048576K
}
Event: 52.518 GC heap after
{Heap after GC invocations=25 (full 0):
 garbage-first heap   total 87040K, used 52635K [0x000000008ac00000, 0x0000000100000000)
  region size 1024K, 3 young (3072K), 3 survivors (3072K)
 Metaspace       used 47303K, committed 47616K, reserved 1114112K
  class space    used 5628K, committed 5760K, reserved 1048576K
}
Event: 54.383 GC heap before
{Heap before GC invocations=26 (full 0):
 garbage-first heap   total 91136K, used 67995K [0x000000008ac00000, 0x0000000100000000)
  region size 1024K, 19 young (19456K), 3 survivors (3072K)
 Metaspace       used 49468K, committed 49728K, reserved 1114112K
  class space    used 5828K, committed 5952K, reserved 1048576K
}
Event: 54.399 GC heap after
{Heap after GC invocations=27 (full 0):
 garbage-first heap   total 91136K, used 54759K [0x000000008ac00000, 0x0000000100000000)
  region size 1024K, 3 young (3072K), 3 survivors (3072K)
 Metaspace       used 49468K, committed 49728K, reserved 1114112K
  class space    used 5828K, committed 5952K, reserved 1048576K
}
Event: 56.547 GC heap before
{Heap before GC invocations=27 (full 0):
 garbage-first heap   total 91136K, used 73191K [0x000000008ac00000, 0x0000000100000000)
  region size 1024K, 21 young (21504K), 3 survivors (3072K)
 Metaspace       used 51557K, committed 51904K, reserved 1114112K
  class space    used 5969K, committed 6144K, reserved 1048576K
}
Event: 56.563 GC heap after
{Heap after GC invocations=28 (full 0):
 garbage-first heap   total 91136K, used 56788K [0x000000008ac00000, 0x0000000100000000)
  region size 1024K, 2 young (2048K), 2 survivors (2048K)
 Metaspace       used 51557K, committed 51904K, reserved 1114112K
  class space    used 5969K, committed 6144K, reserved 1048576K
}

