# JRE version: OpenJDK Runtime Environment Microsoft-9889599 (17.0.12+7) (build 17.0.12+7-LTS)
# Java VM: OpenJDK 64-Bit Server VM Microsoft-9889599 (17.0.12+7-LTS, mixed mode, sharing, tiered, compressed oops, compressed class ptrs, g1 gc, windows-amd64)
GC Precious Log:
 CPUs: 8 total, 8 available
 Memory: 7502M
 Large Page Support: Disabled
 NUMA Support: Disabled
 Compressed Oops: Enabled (Zero based)
 Heap Region Size: 2M
 Heap Min Capacity: 8M
 Heap Initial Capacity: 118M
 Heap Max Capacity: 4G
 Pre-touch: Disabled
 Parallel Workers: 8
 Concurrent Workers: 2
 Concurrent Refinement Workers: 8
 Periodic GC: Disabled
Heap:
 garbage-first heap   total 100352K, used 68223K [0x0000000700000000, 0x0000000800000000)
  region size 2048K, 18 young (36864K), 1 survivors (2048K)
 Metaspace       used 48626K, committed 49152K, reserved 491520K
  class space    used 6793K, committed 7040K, reserved 425984K
GC Heap History (20 events):
Event: 2.552 GC heap before
{Heap before GC invocations=1 (full 0):
 garbage-first heap   total 120832K, used 40443K [0x0000000700000000, 0x0000000800000000)
  region size 2048K, 19 young (38912K), 2 survivors (4096K)
 Metaspace       used 4341K, committed 4544K, reserved 491520K
  class space    used 540K, committed 640K, reserved 425984K
}
Event: 2.560 GC heap after
{Heap after GC invocations=2 (full 0):
 garbage-first heap   total 120832K, used 11435K [0x0000000700000000, 0x0000000800000000)
  region size 2048K, 3 young (6144K), 3 survivors (6144K)
 Metaspace       used 4341K, committed 4544K, reserved 491520K
  class space    used 540K, committed 640K, reserved 425984K
}
Event: 3.935 GC heap before
{Heap before GC invocations=2 (full 0):
 garbage-first heap   total 120832K, used 56491K [0x0000000700000000, 0x0000000800000000)
  region size 2048K, 25 young (51200K), 3 survivors (6144K)
 Metaspace       used 4860K, committed 5056K, reserved 491520K
  class space    used 627K, committed 704K, reserved 425984K
}
Event: 3.943 GC heap after
{Heap after GC invocations=3 (full 0):
 garbage-first heap   total 120832K, used 16615K [0x0000000700000000, 0x0000000800000000)
  region size 2048K, 3 young (6144K), 3 survivors (6144K)
 Metaspace       used 4860K, committed 5056K, reserved 491520K
  class space    used 627K, committed 704K, reserved 425984K
}
Event: 8.047 GC heap before
{Heap before GC invocations=3 (full 0):
 garbage-first heap   total 120832K, used 82151K [0x0000000700000000, 0x0000000800000000)
  region size 2048K, 35 young (71680K), 3 survivors (6144K)
 Metaspace       used 16263K, committed 16576K, reserved 491520K
  class space    used 2279K, committed 2432K, reserved 425984K
}
Event: 8.056 GC heap after
{Heap after GC invocations=4 (full 0):
 garbage-first heap   total 120832K, used 21303K [0x0000000700000000, 0x0000000800000000)
  region size 2048K, 5 young (10240K), 5 survivors (10240K)
 Metaspace       used 16263K, committed 16576K, reserved 491520K
  class space    used 2279K, committed 2432K, reserved 425984K
}
Event: 11.787 GC heap before
{Heap before GC invocations=4 (full 0):
 garbage-first heap   total 120832K, used 62263K [0x0000000700000000, 0x0000000800000000)
  region size 2048K, 26 young (53248K), 5 survivors (10240K)
 Metaspace       used 21201K, committed 21504K, reserved 491520K
  class space    used 3079K, committed 3200K, reserved 425984K
}
Event: 11.801 GC heap after
{Heap after GC invocations=5 (full 0):
 garbage-first heap   total 120832K, used 24017K [0x0000000700000000, 0x0000000800000000)
  region size 2048K, 4 young (8192K), 4 survivors (8192K)
 Metaspace       used 21201K, committed 21504K, reserved 491520K
  class space    used 3079K, committed 3200K, reserved 425984K
}
Event: 14.040 GC heap before
{Heap before GC invocations=6 (full 0):
 garbage-first heap   total 90112K, used 83409K [0x0000000700000000, 0x0000000800000000)
  region size 2048K, 34 young (69632K), 4 survivors (8192K)
 Metaspace       used 30131K, committed 30528K, reserved 491520K
  class space    used 4280K, committed 4480K, reserved 425984K
}
Event: 14.051 GC heap after
{Heap after GC invocations=7 (full 0):
 garbage-first heap   total 100352K, used 28160K [0x0000000700000000, 0x0000000800000000)
  region size 2048K, 4 young (8192K), 4 survivors (8192K)
 Metaspace       used 30131K, committed 30528K, reserved 491520K
  class space    used 4280K, committed 4480K, reserved 425984K
}
Event: 15.098 GC heap before
{Heap before GC invocations=7 (full 0):
 garbage-first heap   total 100352K, used 75264K [0x0000000700000000, 0x0000000800000000)
  region size 2048K, 26 young (53248K), 4 survivors (8192K)
 Metaspace       used 34439K, committed 34880K, reserved 491520K
  class space    used 4787K, committed 4992K, reserved 425984K
}
Event: 15.106 GC heap after
{Heap after GC invocations=8 (full 0):
 garbage-first heap   total 100352K, used 31497K [0x0000000700000000, 0x0000000800000000)
  region size 2048K, 4 young (8192K), 4 survivors (8192K)
 Metaspace       used 34439K, committed 34880K, reserved 491520K
  class space    used 4787K, committed 4992K, reserved 425984K
}
Event: 15.369 GC heap before
{Heap before GC invocations=8 (full 0):
 garbage-first heap   total 100352K, used 41737K [0x0000000700000000, 0x0000000800000000)
  region size 2048K, 10 young (20480K), 4 survivors (8192K)
 Metaspace       used 35670K, committed 36096K, reserved 491520K
  class space    used 4964K, committed 5184K, reserved 425984K
}
Event: 15.374 GC heap after
{Heap after GC invocations=9 (full 0):
 garbage-first heap   total 100352K, used 32484K [0x0000000700000000, 0x0000000800000000)
  region size 2048K, 3 young (6144K), 3 survivors (6144K)
 Metaspace       used 35670K, committed 36096K, reserved 491520K
  class space    used 4964K, committed 5184K, reserved 425984K
}
Event: 16.483 GC heap before
{Heap before GC invocations=10 (full 0):
 garbage-first heap   total 100352K, used 73444K [0x0000000700000000, 0x0000000800000000)
  region size 2048K, 23 young (47104K), 3 survivors (6144K)
 Metaspace       used 37421K, committed 37952K, reserved 491520K
  class space    used 5236K, committed 5504K, reserved 425984K
}
Event: 16.488 GC heap after
{Heap after GC invocations=11 (full 0):
 garbage-first heap   total 100352K, used 34227K [0x0000000700000000, 0x0000000800000000)
  region size 2048K, 2 young (4096K), 2 survivors (4096K)
 Metaspace       used 37421K, committed 37952K, reserved 491520K
  class space    used 5236K, committed 5504K, reserved 425984K
}
Event: 16.531 GC heap before
{Heap before GC invocations=11 (full 0):
 garbage-first heap   total 100352K, used 36275K [0x0000000700000000, 0x0000000800000000)
  region size 2048K, 3 young (6144K), 2 survivors (4096K)
 Metaspace       used 37629K, committed 38144K, reserved 491520K
  class space    used 5275K, committed 5504K, reserved 425984K
}
Event: 16.535 GC heap after
{Heap after GC invocations=12 (full 0):
 garbage-first heap   total 100352K, used 34468K [0x0000000700000000, 0x0000000800000000)
  region size 2048K, 1 young (2048K), 1 survivors (2048K)
 Metaspace       used 37629K, committed 38144K, reserved 491520K
  class space    used 5275K, committed 5504K, reserved 425984K
}
Event: 21.442 GC heap before
{Heap before GC invocations=12 (full 0):
 garbage-first heap   total 100352K, used 75428K [0x0000000700000000, 0x0000000800000000)
  region size 2048K, 21 young (43008K), 1 survivors (2048K)
 Metaspace       used 42486K, committed 42944K, reserved 491520K
  class space    used 6000K, committed 6208K, reserved 425984K
}
Event: 21.446 GC heap after
{Heap after GC invocations=13 (full 0):
 garbage-first heap   total 100352K, used 35455K [0x0000000700000000, 0x0000000800000000)
  region size 2048K, 1 young (2048K), 1 survivors (2048K)
 Metaspace       used 42486K, committed 42944K, reserved 491520K
  class space    used 6000K, committed 6208K, reserved 425984K
}

