# JRE version: OpenJDK Runtime Environment Microsoft-9889599 (17.0.12+7) (build 17.0.12+7-LTS)
# Java VM: OpenJDK 64-Bit Server VM Microsoft-9889599 (17.0.12+7-LTS, mixed mode, sharing, tiered, compressed oops, compressed class ptrs, g1 gc, windows-amd64)
GC Precious Log:
 CPUs: 8 total, 8 available
 Memory: 7502M
 Large Page Support: Disabled
 NUMA Support: Disabled
 Compressed Oops: Enabled (32-bit)
 Heap Region Size: 1M
 Heap Min Capacity: 8M
 Heap Initial Capacity: 118M
 Heap Max Capacity: 1876M
 Pre-touch: Disabled
 Parallel Workers: 8
 Concurrent Workers: 2
 Concurrent Refinement Workers: 8
 Periodic GC: Disabled
Heap:
 garbage-first heap   total 80896K, used 56777K [0x000000008ac00000, 0x0000000100000000)
  region size 1024K, 14 young (14336K), 2 survivors (2048K)
 Metaspace       used 46358K, committed 46592K, reserved 1114112K
  class space    used 5450K, committed 5568K, reserved 1048576K
GC Heap History (20 events):
Event: 27.902 GC heap before
{Heap before GC invocations=10 (full 0):
 garbage-first heap   total 55296K, used 40188K [0x000000008ac00000, 0x0000000100000000)
  region size 1024K, 15 young (15360K), 3 survivors (3072K)
 Metaspace       used 39087K, committed 39360K, reserved 1114112K
  class space    used 4858K, committed 4992K, reserved 1048576K
}
Event: 27.913 GC heap after
{Heap after GC invocations=11 (full 0):
 garbage-first heap   total 55296K, used 30201K [0x000000008ac00000, 0x0000000100000000)
  region size 1024K, 2 young (2048K), 2 survivors (2048K)
 Metaspace       used 39087K, committed 39360K, reserved 1114112K
  class space    used 4858K, committed 4992K, reserved 1048576K
}
Event: 31.490 GC heap before
{Heap before GC invocations=11 (full 0):
 garbage-first heap   total 55296K, used 40441K [0x000000008ac00000, 0x0000000100000000)
  region size 1024K, 13 young (13312K), 2 survivors (2048K)
 Metaspace       used 41148K, committed 41408K, reserved 1114112K
  class space    used 5081K, committed 5248K, reserved 1048576K
}
Event: 31.501 GC heap after
{Heap after GC invocations=12 (full 0):
 garbage-first heap   total 55296K, used 32098K [0x000000008ac00000, 0x0000000100000000)
  region size 1024K, 2 young (2048K), 2 survivors (2048K)
 Metaspace       used 41148K, committed 41408K, reserved 1114112K
  class space    used 5081K, committed 5248K, reserved 1048576K
}
Event: 32.998 GC heap before
{Heap before GC invocations=13 (full 0):
 garbage-first heap   total 56320K, used 36194K [0x000000008ac00000, 0x0000000100000000)
  region size 1024K, 7 young (7168K), 2 survivors (2048K)
 Metaspace       used 41508K, committed 41728K, reserved 1114112K
  class space    used 5117K, committed 5248K, reserved 1048576K
}
Event: 33.007 GC heap after
{Heap after GC invocations=14 (full 0):
 garbage-first heap   total 56320K, used 33337K [0x000000008ac00000, 0x0000000100000000)
  region size 1024K, 2 young (2048K), 2 survivors (2048K)
 Metaspace       used 41508K, committed 41728K, reserved 1114112K
  class space    used 5117K, committed 5248K, reserved 1048576K
}
Event: 33.388 GC heap before
{Heap before GC invocations=15 (full 0):
 garbage-first heap   total 63488K, used 42553K [0x000000008ac00000, 0x0000000100000000)
  region size 1024K, 11 young (11264K), 2 survivors (2048K)
 Metaspace       used 41559K, committed 41792K, reserved 1114112K
  class space    used 5117K, committed 5248K, reserved 1048576K
}
Event: 33.397 GC heap after
{Heap after GC invocations=16 (full 0):
 garbage-first heap   total 63488K, used 35840K [0x000000008ac00000, 0x0000000100000000)
  region size 1024K, 2 young (2048K), 2 survivors (2048K)
 Metaspace       used 41559K, committed 41792K, reserved 1114112K
  class space    used 5117K, committed 5248K, reserved 1048576K
}
Event: 33.468 GC heap before
{Heap before GC invocations=16 (full 0):
 garbage-first heap   total 63488K, used 48128K [0x000000008ac00000, 0x0000000100000000)
  region size 1024K, 14 young (14336K), 2 survivors (2048K)
 Metaspace       used 41592K, committed 41792K, reserved 1114112K
  class space    used 5117K, committed 5248K, reserved 1048576K
}
Event: 33.473 GC heap after
{Heap after GC invocations=17 (full 0):
 garbage-first heap   total 63488K, used 35828K [0x000000008ac00000, 0x0000000100000000)
  region size 1024K, 2 young (2048K), 2 survivors (2048K)
 Metaspace       used 41592K, committed 41792K, reserved 1114112K
  class space    used 5117K, committed 5248K, reserved 1048576K
}
Event: 37.133 GC heap before
{Heap before GC invocations=18 (full 0):
 garbage-first heap   total 63488K, used 48116K [0x000000008ac00000, 0x0000000100000000)
  region size 1024K, 14 young (14336K), 2 survivors (2048K)
 Metaspace       used 42534K, committed 42816K, reserved 1114112K
  class space    used 5160K, committed 5312K, reserved 1048576K
}
Event: 37.143 GC heap after
{Heap after GC invocations=19 (full 0):
 garbage-first heap   total 63488K, used 37285K [0x000000008ac00000, 0x0000000100000000)
  region size 1024K, 2 young (2048K), 2 survivors (2048K)
 Metaspace       used 42534K, committed 42816K, reserved 1114112K
  class space    used 5160K, committed 5312K, reserved 1048576K
}
Event: 42.605 GC heap before
{Heap before GC invocations=19 (full 0):
 garbage-first heap   total 63488K, used 47525K [0x000000008ac00000, 0x0000000100000000)
  region size 1024K, 13 young (13312K), 2 survivors (2048K)
 Metaspace       used 44288K, committed 44544K, reserved 1114112K
  class space    used 5366K, committed 5504K, reserved 1048576K
}
Event: 42.615 GC heap after
{Heap after GC invocations=20 (full 0):
 garbage-first heap   total 63488K, used 39501K [0x000000008ac00000, 0x0000000100000000)
  region size 1024K, 2 young (2048K), 2 survivors (2048K)
 Metaspace       used 44288K, committed 44544K, reserved 1114112K
  class space    used 5366K, committed 5504K, reserved 1048576K
}
Event: 44.587 GC heap before
{Heap before GC invocations=21 (full 0):
 garbage-first heap   total 68608K, used 49741K [0x000000008ac00000, 0x0000000100000000)
  region size 1024K, 12 young (12288K), 2 survivors (2048K)
 Metaspace       used 45431K, committed 45696K, reserved 1114112K
  class space    used 5404K, committed 5568K, reserved 1048576K
}
Event: 44.598 GC heap after
{Heap after GC invocations=22 (full 0):
 garbage-first heap   total 68608K, used 41655K [0x000000008ac00000, 0x0000000100000000)
  region size 1024K, 2 young (2048K), 2 survivors (2048K)
 Metaspace       used 45431K, committed 45696K, reserved 1114112K
  class space    used 5404K, committed 5568K, reserved 1048576K
}
Event: 46.195 GC heap before
{Heap before GC invocations=22 (full 0):
 garbage-first heap   total 68608K, used 53943K [0x000000008ac00000, 0x0000000100000000)
  region size 1024K, 14 young (14336K), 2 survivors (2048K)
 Metaspace       used 45791K, committed 46080K, reserved 1114112K
  class space    used 5423K, committed 5568K, reserved 1048576K
}
Event: 46.209 GC heap after
{Heap after GC invocations=23 (full 0):
 garbage-first heap   total 68608K, used 43583K [0x000000008ac00000, 0x0000000100000000)
  region size 1024K, 2 young (2048K), 2 survivors (2048K)
 Metaspace       used 45791K, committed 46080K, reserved 1114112K
  class space    used 5423K, committed 5568K, reserved 1048576K
}
Event: 47.192 GC heap before
{Heap before GC invocations=24 (full 0):
 garbage-first heap   total 80896K, used 53823K [0x000000008ac00000, 0x0000000100000000)
  region size 1024K, 12 young (12288K), 2 survivors (2048K)
 Metaspace       used 46206K, committed 46464K, reserved 1114112K
  class space    used 5449K, committed 5568K, reserved 1048576K
}
Event: 47.208 GC heap after
{Heap after GC invocations=25 (full 0):
 garbage-first heap   total 80896K, used 45513K [0x000000008ac00000, 0x0000000100000000)
  region size 1024K, 2 young (2048K), 2 survivors (2048K)
 Metaspace       used 46206K, committed 46464K, reserved 1114112K
  class space    used 5449K, committed 5568K, reserved 1048576K
}

