# JRE version: OpenJDK Runtime Environment Microsoft-9889599 (17.0.12+7) (build 17.0.12+7-LTS)
# Java VM: OpenJDK 64-Bit Server VM Microsoft-9889599 (17.0.12+7-LTS, mixed mode, sharing, tiered, compressed oops, compressed class ptrs, g1 gc, windows-amd64)
GC Precious Log:
 CPUs: 8 total, 8 available
 Memory: 7502M
 Large Page Support: Disabled
 NUMA Support: Disabled
 Compressed Oops: Enabled (32-bit)
 Heap Region Size: 1M
 Heap Min Capacity: 8M
 Heap Initial Capacity: 118M
 Heap Max Capacity: 2G
 Pre-touch: Disabled
 Parallel Workers: 8
 Concurrent Workers: 2
 Concurrent Refinement Workers: 8
 Periodic GC: Disabled
Heap:
 garbage-first heap   total 92160K, used 63944K [0x0000000080000000, 0x0000000100000000)
  region size 1024K, 43 young (44032K), 6 survivors (6144K)
 Metaspace       used 32374K, committed 32704K, reserved 1114112K
  class space    used 4542K, committed 4672K, reserved 1048576K
GC Heap History (12 events):
Event: 1.264 GC heap before
{Heap before GC invocations=0 (full 0):
 garbage-first heap   total 120832K, used 23552K [0x0000000080000000, 0x0000000100000000)
  region size 1024K, 23 young (23552K), 0 survivors (0K)
 Metaspace       used 1097K, committed 1216K, reserved 1114112K
  class space    used 73K, committed 128K, reserved 1048576K
}
Event: 1.269 GC heap after
{Heap after GC invocations=1 (full 0):
 garbage-first heap   total 120832K, used 4512K [0x0000000080000000, 0x0000000100000000)
  region size 1024K, 3 young (3072K), 3 survivors (3072K)
 Metaspace       used 1097K, committed 1216K, reserved 1114112K
  class space    used 73K, committed 128K, reserved 1048576K
}
Event: 4.162 GC heap before
{Heap before GC invocations=1 (full 0):
 garbage-first heap   total 120832K, used 39328K [0x0000000080000000, 0x0000000100000000)
  region size 1024K, 34 young (34816K), 3 survivors (3072K)
 Metaspace       used 4367K, committed 4544K, reserved 1114112K
  class space    used 541K, committed 640K, reserved 1048576K
}
Event: 4.172 GC heap after
{Heap after GC invocations=2 (full 0):
 garbage-first heap   total 120832K, used 12514K [0x0000000080000000, 0x0000000100000000)
  region size 1024K, 4 young (4096K), 4 survivors (4096K)
 Metaspace       used 4367K, committed 4544K, reserved 1114112K
  class space    used 541K, committed 640K, reserved 1048576K
}
Event: 6.067 GC heap before
{Heap before GC invocations=2 (full 0):
 garbage-first heap   total 120832K, used 58594K [0x0000000080000000, 0x0000000100000000)
  region size 1024K, 47 young (48128K), 4 survivors (4096K)
 Metaspace       used 4680K, committed 4864K, reserved 1114112K
  class space    used 588K, committed 704K, reserved 1048576K
}
Event: 6.100 GC heap after
{Heap after GC invocations=3 (full 0):
 garbage-first heap   total 120832K, used 17935K [0x0000000080000000, 0x0000000100000000)
  region size 1024K, 5 young (5120K), 5 survivors (5120K)
 Metaspace       used 4680K, committed 4864K, reserved 1114112K
  class space    used 588K, committed 704K, reserved 1048576K
}
Event: 21.741 GC heap before
{Heap before GC invocations=3 (full 0):
 garbage-first heap   total 120832K, used 84495K [0x0000000080000000, 0x0000000100000000)
  region size 1024K, 70 young (71680K), 5 survivors (5120K)
 Metaspace       used 16520K, committed 16832K, reserved 1114112K
  class space    used 2319K, committed 2432K, reserved 1048576K
}
Event: 21.766 GC heap after
{Heap after GC invocations=4 (full 0):
 garbage-first heap   total 120832K, used 23077K [0x0000000080000000, 0x0000000100000000)
  region size 1024K, 9 young (9216K), 9 survivors (9216K)
 Metaspace       used 16520K, committed 16832K, reserved 1114112K
  class space    used 2319K, committed 2432K, reserved 1048576K
}
Event: 28.700 GC heap before
{Heap before GC invocations=4 (full 0):
 garbage-first heap   total 120832K, used 63013K [0x0000000080000000, 0x0000000100000000)
  region size 1024K, 49 young (50176K), 9 survivors (9216K)
 Metaspace       used 21224K, committed 21504K, reserved 1114112K
  class space    used 3073K, committed 3200K, reserved 1048576K
}
Event: 28.784 GC heap after
{Heap after GC invocations=5 (full 0):
 garbage-first heap   total 120832K, used 25670K [0x0000000080000000, 0x0000000100000000)
  region size 1024K, 3 young (3072K), 3 survivors (3072K)
 Metaspace       used 21224K, committed 21504K, reserved 1114112K
  class space    used 3073K, committed 3200K, reserved 1048576K
}
Event: 39.859 GC heap before
{Heap before GC invocations=6 (full 0):
 garbage-first heap   total 92160K, used 77894K [0x0000000080000000, 0x0000000100000000)
  region size 1024K, 54 young (55296K), 3 survivors (3072K)
 Metaspace       used 27530K, committed 27904K, reserved 1114112K
  class space    used 4044K, committed 4224K, reserved 1048576K
}
Event: 39.865 GC heap after
{Heap after GC invocations=7 (full 0):
 garbage-first heap   total 92160K, used 28104K [0x0000000080000000, 0x0000000100000000)
  region size 1024K, 6 young (6144K), 6 survivors (6144K)
 Metaspace       used 27530K, committed 27904K, reserved 1114112K
  class space    used 4044K, committed 4224K, reserved 1048576K
}

