# JRE version: OpenJDK Runtime Environment Microsoft-9889599 (17.0.12+7) (build 17.0.12+7-LTS)
# Java VM: OpenJDK 64-Bit Server VM Microsoft-9889599 (17.0.12+7-LTS, mixed mode, sharing, tiered, compressed oops, compressed class ptrs, g1 gc, windows-amd64)
GC Precious Log:
 CPUs: 8 total, 8 available
 Memory: 7502M
 Large Page Support: Disabled
 NUMA Support: Disabled
 Compressed Oops: Enabled (Zero based)
 Heap Region Size: 2M
 Heap Min Capacity: 8M
 Heap Initial Capacity: 118M
 Heap Max Capacity: 4G
 Pre-touch: Disabled
 Parallel Workers: 8
 Concurrent Workers: 2
 Concurrent Refinement Workers: 8
 Periodic GC: Disabled
Heap:
 garbage-first heap   total 327680K, used 249733K [0x0000000700000000, 0x0000000800000000)
  region size 2048K, 37 young (75776K), 4 survivors (8192K)
 Metaspace       used 109700K, committed 111104K, reserved 557056K
  class space    used 15181K, committed 15808K, reserved 425984K
GC Heap History (20 events):
Event: 136.976 GC heap before
{Heap before GC invocations=60 (full 0):
 garbage-first heap   total 167936K, used 137042K [0x0000000700000000, 0x0000000800000000)
  region size 2048K, 19 young (38912K), 1 survivors (2048K)
 Metaspace       used 86995K, committed 87936K, reserved 557056K
  class space    used 12000K, committed 12480K, reserved 425984K
}
Event: 136.982 GC heap after
{Heap after GC invocations=61 (full 0):
 garbage-first heap   total 327680K, used 102103K [0x0000000700000000, 0x0000000800000000)
  region size 2048K, 2 young (4096K), 2 survivors (4096K)
 Metaspace       used 86995K, committed 87936K, reserved 557056K
  class space    used 12000K, committed 12480K, reserved 425984K
}
Event: 142.175 GC heap before
{Heap before GC invocations=61 (full 0):
 garbage-first heap   total 327680K, used 265943K [0x0000000700000000, 0x0000000800000000)
  region size 2048K, 82 young (167936K), 2 survivors (4096K)
 Metaspace       used 95393K, committed 96384K, reserved 557056K
  class space    used 13271K, committed 13760K, reserved 425984K
}
Event: 142.185 GC heap after
{Heap after GC invocations=62 (full 0):
 garbage-first heap   total 327680K, used 107619K [0x0000000700000000, 0x0000000800000000)
  region size 2048K, 4 young (8192K), 4 survivors (8192K)
 Metaspace       used 95393K, committed 96384K, reserved 557056K
  class space    used 13271K, committed 13760K, reserved 425984K
}
Event: 147.457 GC heap before
{Heap before GC invocations=62 (full 0):
 garbage-first heap   total 327680K, used 263267K [0x0000000700000000, 0x0000000800000000)
  region size 2048K, 81 young (165888K), 4 survivors (8192K)
 Metaspace       used 98071K, committed 99072K, reserved 557056K
  class space    used 13624K, committed 14144K, reserved 425984K
}
Event: 147.471 GC heap after
{Heap after GC invocations=63 (full 0):
 garbage-first heap   total 327680K, used 117238K [0x0000000700000000, 0x0000000800000000)
  region size 2048K, 9 young (18432K), 9 survivors (18432K)
 Metaspace       used 98071K, committed 99072K, reserved 557056K
  class space    used 13624K, committed 14144K, reserved 425984K
}
Event: 156.590 GC heap before
{Heap before GC invocations=63 (full 0):
 garbage-first heap   total 327680K, used 264694K [0x0000000700000000, 0x0000000800000000)
  region size 2048K, 81 young (165888K), 9 survivors (18432K)
 Metaspace       used 100323K, committed 101440K, reserved 557056K
  class space    used 13951K, committed 14464K, reserved 425984K
}
Event: 156.659 GC heap after
{Heap after GC invocations=64 (full 0):
 garbage-first heap   total 327680K, used 132589K [0x0000000700000000, 0x0000000800000000)
  region size 2048K, 11 young (22528K), 11 survivors (22528K)
 Metaspace       used 100323K, committed 101440K, reserved 557056K
  class space    used 13951K, committed 14464K, reserved 425984K
}
Event: 159.872 GC heap before
{Heap before GC invocations=64 (full 0):
 garbage-first heap   total 327680K, used 259565K [0x0000000700000000, 0x0000000800000000)
  region size 2048K, 74 young (151552K), 11 survivors (22528K)
 Metaspace       used 100459K, committed 101504K, reserved 557056K
  class space    used 13974K, committed 14464K, reserved 425984K
}
Event: 159.900 GC heap after
{Heap after GC invocations=65 (full 0):
 garbage-first heap   total 327680K, used 140283K [0x0000000700000000, 0x0000000800000000)
  region size 2048K, 6 young (12288K), 6 survivors (12288K)
 Metaspace       used 100459K, committed 101504K, reserved 557056K
  class space    used 13974K, committed 14464K, reserved 425984K
}
Event: 165.402 GC heap before
{Heap before GC invocations=65 (full 0):
 garbage-first heap   total 327680K, used 263163K [0x0000000700000000, 0x0000000800000000)
  region size 2048K, 66 young (135168K), 6 survivors (12288K)
 Metaspace       used 100763K, committed 101888K, reserved 557056K
  class space    used 14011K, committed 14528K, reserved 425984K
}
Event: 165.422 GC heap after
{Heap after GC invocations=66 (full 0):
 garbage-first heap   total 327680K, used 147844K [0x0000000700000000, 0x0000000800000000)
  region size 2048K, 5 young (10240K), 5 survivors (10240K)
 Metaspace       used 100763K, committed 101888K, reserved 557056K
  class space    used 14011K, committed 14528K, reserved 425984K
}
Event: 181.993 GC heap before
{Heap before GC invocations=66 (full 0):
 garbage-first heap   total 327680K, used 262532K [0x0000000700000000, 0x0000000800000000)
  region size 2048K, 62 young (126976K), 5 survivors (10240K)
 Metaspace       used 102815K, committed 104000K, reserved 557056K
  class space    used 14223K, committed 14784K, reserved 425984K
}
Event: 182.015 GC heap after
{Heap after GC invocations=67 (full 0):
 garbage-first heap   total 327680K, used 161532K [0x0000000700000000, 0x0000000800000000)
  region size 2048K, 8 young (16384K), 8 survivors (16384K)
 Metaspace       used 102815K, committed 104000K, reserved 557056K
  class space    used 14223K, committed 14784K, reserved 425984K
}
Event: 183.447 GC heap before
{Heap before GC invocations=67 (full 0):
 garbage-first heap   total 327680K, used 259836K [0x0000000700000000, 0x0000000800000000)
  region size 2048K, 57 young (116736K), 8 survivors (16384K)
 Metaspace       used 102911K, committed 104192K, reserved 557056K
  class space    used 14235K, committed 14848K, reserved 425984K
}
Event: 183.475 GC heap after
{Heap after GC invocations=68 (full 0):
 garbage-first heap   total 327680K, used 169032K [0x0000000700000000, 0x0000000800000000)
  region size 2048K, 5 young (10240K), 5 survivors (10240K)
 Metaspace       used 102911K, committed 104192K, reserved 557056K
  class space    used 14235K, committed 14848K, reserved 425984K
}
Event: 188.339 GC heap before
{Heap before GC invocations=68 (full 0):
 garbage-first heap   total 327680K, used 261192K [0x0000000700000000, 0x0000000800000000)
  region size 2048K, 51 young (104448K), 5 survivors (10240K)
 Metaspace       used 103638K, committed 105024K, reserved 557056K
  class space    used 14359K, committed 15040K, reserved 425984K
}
Event: 188.352 GC heap after
{Heap after GC invocations=69 (full 0):
 garbage-first heap   total 327680K, used 178104K [0x0000000700000000, 0x0000000800000000)
  region size 2048K, 7 young (14336K), 7 survivors (14336K)
 Metaspace       used 103638K, committed 105024K, reserved 557056K
  class space    used 14359K, committed 15040K, reserved 425984K
}
Event: 193.191 GC heap before
{Heap before GC invocations=69 (full 0):
 garbage-first heap   total 327680K, used 266168K [0x0000000700000000, 0x0000000800000000)
  region size 2048K, 51 young (104448K), 7 survivors (14336K)
 Metaspace       used 105769K, committed 107200K, reserved 557056K
  class space    used 14661K, committed 15360K, reserved 425984K
}
Event: 193.216 GC heap after
{Heap after GC invocations=70 (full 0):
 garbage-first heap   total 327680K, used 184197K [0x0000000700000000, 0x0000000800000000)
  region size 2048K, 4 young (8192K), 4 survivors (8192K)
 Metaspace       used 105769K, committed 107200K, reserved 557056K
  class space    used 14661K, committed 15360K, reserved 425984K
}

