# JRE version: OpenJDK Runtime Environment Microsoft-9889599 (17.0.12+7) (build 17.0.12+7-LTS)
# Java VM: OpenJDK 64-Bit Server VM Microsoft-9889599 (17.0.12+7-LTS, mixed mode, sharing, tiered, compressed oops, compressed class ptrs, g1 gc, windows-amd64)
GC Precious Log:
 CPUs: 8 total, 8 available
 Memory: 7502M
 Large Page Support: Disabled
 NUMA Support: Disabled
 Compressed Oops: Enabled (Zero based)
 Heap Region Size: 2M
 Heap Min Capacity: 8M
 Heap Initial Capacity: 118M
 Heap Max Capacity: 4G
 Pre-touch: Disabled
 Parallel Workers: 8
 Concurrent Workers: 2
 Concurrent Refinement Workers: 8
 Periodic GC: Disabled
Heap:
 garbage-first heap   total 157696K, used 97679K [0x0000000700000000, 0x0000000800000000)
  region size 2048K, 9 young (18432K), 3 survivors (6144K)
 Metaspace       used 86227K, committed 87168K, reserved 1179648K
  class space    used 11978K, committed 12416K, reserved 1048576K
GC Heap History (20 events):
Event: 69.789 GC heap before
{Heap before GC invocations=29 (full 0):
 garbage-first heap   total 120832K, used 86847K [0x0000000700000000, 0x0000000800000000)
  region size 2048K, 10 young (20480K), 1 survivors (2048K)
 Metaspace       used 68979K, committed 69632K, reserved 1114112K
  class space    used 9614K, committed 9920K, reserved 1048576K
}
Event: 69.793 GC heap after
{Heap after GC invocations=30 (full 0):
 garbage-first heap   total 120832K, used 69725K [0x0000000700000000, 0x0000000800000000)
  region size 2048K, 2 young (4096K), 2 survivors (4096K)
 Metaspace       used 68979K, committed 69632K, reserved 1114112K
  class space    used 9614K, committed 9920K, reserved 1048576K
}
Event: 70.641 GC heap before
{Heap before GC invocations=30 (full 0):
 garbage-first heap   total 120832K, used 98397K [0x0000000700000000, 0x0000000800000000)
  region size 2048K, 16 young (32768K), 2 survivors (4096K)
 Metaspace       used 70604K, committed 71232K, reserved 1114112K
  class space    used 9827K, committed 10112K, reserved 1048576K
}
Event: 70.646 GC heap after
{Heap after GC invocations=31 (full 0):
 garbage-first heap   total 120832K, used 70644K [0x0000000700000000, 0x0000000800000000)
  region size 2048K, 2 young (4096K), 2 survivors (4096K)
 Metaspace       used 70604K, committed 71232K, reserved 1114112K
  class space    used 9827K, committed 10112K, reserved 1048576K
}
Event: 71.673 GC heap before
{Heap before GC invocations=32 (full 0):
 garbage-first heap   total 126976K, used 97268K [0x0000000700000000, 0x0000000800000000)
  region size 2048K, 15 young (30720K), 2 survivors (4096K)
 Metaspace       used 71321K, committed 72000K, reserved 1114112K
  class space    used 9925K, committed 10240K, reserved 1048576K
}
Event: 71.679 GC heap after
{Heap after GC invocations=33 (full 0):
 garbage-first heap   total 126976K, used 73844K [0x0000000700000000, 0x0000000800000000)
  region size 2048K, 2 young (4096K), 2 survivors (4096K)
 Metaspace       used 71321K, committed 72000K, reserved 1114112K
  class space    used 9925K, committed 10240K, reserved 1048576K
}
Event: 73.373 GC heap before
{Heap before GC invocations=33 (full 0):
 garbage-first heap   total 126976K, used 102516K [0x0000000700000000, 0x0000000800000000)
  region size 2048K, 16 young (32768K), 2 survivors (4096K)
 Metaspace       used 72399K, committed 73152K, reserved 1114112K
  class space    used 10072K, committed 10432K, reserved 1048576K
}
Event: 73.379 GC heap after
{Heap after GC invocations=34 (full 0):
 garbage-first heap   total 126976K, used 75532K [0x0000000700000000, 0x0000000800000000)
  region size 2048K, 2 young (4096K), 2 survivors (4096K)
 Metaspace       used 72399K, committed 73152K, reserved 1114112K
  class space    used 10072K, committed 10432K, reserved 1048576K
}
Event: 75.721 GC heap before
{Heap before GC invocations=35 (full 0):
 garbage-first heap   total 131072K, used 102156K [0x0000000700000000, 0x0000000800000000)
  region size 2048K, 15 young (30720K), 2 survivors (4096K)
 Metaspace       used 74019K, committed 74752K, reserved 1114112K
  class space    used 10295K, committed 10624K, reserved 1048576K
}
Event: 75.732 GC heap after
{Heap after GC invocations=36 (full 0):
 garbage-first heap   total 131072K, used 77497K [0x0000000700000000, 0x0000000800000000)
  region size 2048K, 2 young (4096K), 2 survivors (4096K)
 Metaspace       used 74019K, committed 74752K, reserved 1114112K
  class space    used 10295K, committed 10624K, reserved 1048576K
}
Event: 75.890 GC heap before
{Heap before GC invocations=36 (full 0):
 garbage-first heap   total 131072K, used 79545K [0x0000000700000000, 0x0000000800000000)
  region size 2048K, 3 young (6144K), 2 survivors (4096K)
 Metaspace       used 74176K, committed 74880K, reserved 1114112K
  class space    used 10321K, committed 10624K, reserved 1048576K
}
Event: 75.897 GC heap after
{Heap after GC invocations=37 (full 0):
 garbage-first heap   total 131072K, used 75347K [0x0000000700000000, 0x0000000800000000)
  region size 2048K, 1 young (2048K), 1 survivors (2048K)
 Metaspace       used 74176K, committed 74880K, reserved 1114112K
  class space    used 10321K, committed 10624K, reserved 1048576K
}
Event: 78.555 GC heap before
{Heap before GC invocations=37 (full 0):
 garbage-first heap   total 131072K, used 101971K [0x0000000700000000, 0x0000000800000000)
  region size 2048K, 14 young (28672K), 1 survivors (2048K)
 Metaspace       used 76198K, committed 76992K, reserved 1179648K
  class space    used 10593K, committed 10944K, reserved 1048576K
}
Event: 78.561 GC heap after
{Heap after GC invocations=38 (full 0):
 garbage-first heap   total 157696K, used 77636K [0x0000000700000000, 0x0000000800000000)
  region size 2048K, 2 young (4096K), 2 survivors (4096K)
 Metaspace       used 76198K, committed 76992K, reserved 1179648K
  class space    used 10593K, committed 10944K, reserved 1048576K
}
Event: 81.812 GC heap before
{Heap before GC invocations=39 (full 0):
 garbage-first heap   total 157696K, used 120644K [0x0000000700000000, 0x0000000800000000)
  region size 2048K, 24 young (49152K), 2 survivors (4096K)
 Metaspace       used 79780K, committed 80576K, reserved 1179648K
  class space    used 11095K, committed 11456K, reserved 1048576K
}
Event: 81.823 GC heap after
{Heap after GC invocations=40 (full 0):
 garbage-first heap   total 157696K, used 82457K [0x0000000700000000, 0x0000000800000000)
  region size 2048K, 3 young (6144K), 3 survivors (6144K)
 Metaspace       used 79780K, committed 80576K, reserved 1179648K
  class space    used 11095K, committed 11456K, reserved 1048576K
}
Event: 147.076 GC heap before
{Heap before GC invocations=40 (full 0):
 garbage-first heap   total 157696K, used 121369K [0x0000000700000000, 0x0000000800000000)
  region size 2048K, 23 young (47104K), 3 survivors (6144K)
 Metaspace       used 83596K, committed 84416K, reserved 1179648K
  class space    used 11636K, committed 12032K, reserved 1048576K
}
Event: 147.128 GC heap after
{Heap after GC invocations=41 (full 0):
 garbage-first heap   total 157696K, used 85703K [0x0000000700000000, 0x0000000800000000)
  region size 2048K, 2 young (4096K), 2 survivors (4096K)
 Metaspace       used 83596K, committed 84416K, reserved 1179648K
  class space    used 11636K, committed 12032K, reserved 1048576K
}
Event: 164.285 GC heap before
{Heap before GC invocations=41 (full 0):
 garbage-first heap   total 157696K, used 124615K [0x0000000700000000, 0x0000000800000000)
  region size 2048K, 21 young (43008K), 2 survivors (4096K)
 Metaspace       used 85237K, committed 86080K, reserved 1179648K
  class space    used 11813K, committed 12224K, reserved 1048576K
}
Event: 164.292 GC heap after
{Heap after GC invocations=42 (full 0):
 garbage-first heap   total 157696K, used 87439K [0x0000000700000000, 0x0000000800000000)
  region size 2048K, 3 young (6144K), 3 survivors (6144K)
 Metaspace       used 85237K, committed 86080K, reserved 1179648K
  class space    used 11813K, committed 12224K, reserved 1048576K
}

